#
# There is insufficient memory for the Java Runtime Environment to continue.
# Native memory allocation (mmap) failed to map 262144000 bytes. Error detail: G1 virtual space
# Possible reasons:
#   The system is out of physical RAM or swap space
#   This process is running with CompressedOops enabled, and the Java Heap may be blocking the growth of the native heap
# Possible solutions:
#   Reduce memory load on the system
#   Increase physical memory or swap space
#   Check if swap backing store is full
#   Decrease Java heap size (-Xmx/-Xms)
#   Decrease number of Java threads
#   Decrease Java thread stack sizes (-Xss)
#   Set larger code cache with -XX:ReservedCodeCacheSize=
#   JVM is running with Zero Based Compressed Oops mode in which the Java heap is
#     placed in the first 32GB address space. The Java Heap base address is the
#     maximum limit for the native heap growth. Please use -XX:HeapBaseMinAddress
#     to set the Java Heap base and to place the Java Heap above 32GB virtual address.
# This output file may be truncated or incomplete.
#
#  Out of Memory Error (os_windows.cpp:3564), pid=60352, tid=46452
#
# JRE version:  (24.0.1+9) (build )
# Java VM: Java HotSpot(TM) 64-Bit Server VM (24.0.1+9-30, mixed mode, emulated-client, sharing, tiered, compressed oops, compressed class ptrs, g1 gc, windows-amd64)
# No core dump will be written. Minidumps are not enabled by default on client versions of Windows
#

---------------  S U M M A R Y ------------

Command Line: -XX:TieredStopAtLevel=1 -Dspring.output.ansi.enabled=always -Dcom.sun.management.jmxremote -Dspring.jmx.enabled=true -Dspring.liveBeansView.mbeanDomain -Dspring.application.admin.enabled=true -Dmanagement.endpoints.jmx.exposure.include=* -javaagent:C:\Program Files\JetBrains\IntelliJ IDEA 2025.1.1.1\lib\idea_rt.jar=59383 -Dfile.encoding=UTF-8 -Dsun.stdout.encoding=UTF-8 -Dsun.stderr.encoding=UTF-8 team.project.NewTeamProjectApplication

Host: Intel(R) Core(TM) Ultra 5 125H, 18 cores, 15G,  Windows 11 , 64 bit Build 26100 (10.0.26100.5074)
Time: Wed Oct 15 16:05:22 2025  Windows 11 , 64 bit Build 26100 (10.0.26100.5074) elapsed time: 2.063938 seconds (0d 0h 0m 2s)

---------------  T H R E A D  ---------------

Current thread (0x000001355de500b0):  JavaThread "Unknown thread" [_thread_in_vm, id=46452, stack(0x00000029a4200000,0x00000029a4300000) (1024K)]

Stack: [0x00000029a4200000,0x00000029a4300000]
Native frames: (J=compiled Java code, j=interpreted, Vv=VM code, C=native code)
V  [jvm.dll+0x730739]  (no source info available)
V  [jvm.dll+0x8d9b23]  (no source info available)
V  [jvm.dll+0x8dc00d]  (no source info available)
V  [jvm.dll+0x8dc683]  (no source info available)
V  [jvm.dll+0x2aa086]  (no source info available)
V  [jvm.dll+0x72cc65]  (no source info available)
V  [jvm.dll+0x72059a]  (no source info available)
V  [jvm.dll+0x390cea]  (no source info available)
V  [jvm.dll+0x3989f6]  (no source info available)
V  [jvm.dll+0x38523e]  (no source info available)
V  [jvm.dll+0x3854f8]  (no source info available)
V  [jvm.dll+0x35d0cc]  (no source info available)
V  [jvm.dll+0x35dd8d]  (no source info available)
V  [jvm.dll+0x89d28f]  (no source info available)
V  [jvm.dll+0x3f985d]  (no source info available)
V  [jvm.dll+0x8858e6]  (no source info available)
V  [jvm.dll+0x495f3e]  (no source info available)
V  [jvm.dll+0x497d11]  (no source info available)
C  [jli.dll+0x52a1]  (no source info available)
C  [ucrtbase.dll+0x37b0]  (no source info available)
C  [KERNEL32.DLL+0x2e8d7]  (no source info available)
C  [ntdll.dll+0x8d9c]  (no source info available)

Lock stack of current Java thread (top to bottom):


---------------  P R O C E S S  ---------------

Threads class SMR info:
_java_thread_list=0x00007ff8c68ff318, length=0, elements={
}

Java Threads: ( => current thread )
Total: 0

Other Threads:
  0x000001355deb80e0 WorkerThread "GC Thread#0"                     [id=49748, stack(0x00000029a4300000,0x00000029a4400000) (1024K)]
  0x000001355decd670 ConcurrentGCThread "G1 Main Marker"            [id=41772, stack(0x00000029a4400000,0x00000029a4500000) (1024K)]
  0x000001355dece830 WorkerThread "G1 Conc#0"                       [id=17132, stack(0x00000029a4500000,0x00000029a4600000) (1024K)]

[error occurred during error reporting (printing all threads), id 0xc0000005, EXCEPTION_ACCESS_VIOLATION (0xc0000005) at pc=0x00007ff8c60314ea]
VM state: not at safepoint (not fully initialized)

VM Mutex/Monitor currently owned by a thread:  ([mutex/lock_event])
[0x00007ff8c69845b0] Heap_lock - owner thread: 0x000001355de500b0

Heap address: 0x0000000706800000, size: 3992 MB, Compressed Oops mode: Zero based, Oop shift amount: 3

CDS archive(s) mapped at: [0x0000000000000000-0x0000000000000000-0x0000000000000000), size 0, SharedBaseAddress: 0x0000000800000000, ArchiveRelocationMode: 1.
UseCompressedClassPointers 1, UseCompactObjectHeaders 0
Narrow klass pointer bits 32, Max shift 3
Narrow klass base: 0xffffffffffffffff, Narrow klass shift: -1
Encoding Range: [0xffffffffffffffff - 0x000000007fffffff), (2147483648 bytes)
Klass Range:    [0x0000000000000000 - 0x0000000000000000), (0 bytes)
Klass ID Range:  [4294967295 - 0) (1)

GC Precious Log:
 CardTable entry size: 512
 Card Set container configuration: InlinePtr #cards 4 size 8 Array Of Cards #cards 16 size 48 Howl #buckets 8 coarsen threshold 3686 Howl Bitmap #cards 512 size 80 coarsen threshold 460 Card regions per heap region 1 cards per card region 4096

Heap:
 garbage-first heap   total reserved 4087808K, committed 0K, used 0K [0x0000000706800000, 0x0000000800000000)
  region size 2048K, 0 young (0K), 0 survivors (0K)

[error occurred during error reporting (printing heap information), id 0xc0000005, EXCEPTION_ACCESS_VIOLATION (0xc0000005) at pc=0x00007ff8c644e3e9]
GC Heap History (0 events):
No events

Dll operation events (1 events):
Event: 0.032 Loaded shared library C:\Program Files\Java\jdk-24\bin\java.dll

Deoptimization events (0 events):
No events

Classes loaded (0 events):
No events

Classes unloaded (0 events):
No events

Classes redefined (0 events):
No events

Internal exceptions (0 events):
No events

VM Operations (0 events):
No events

Memory protections (0 events):
No events

Nmethod flushes (0 events):
No events

Events (0 events):
No events


Dynamic libraries:
0x00007ff6fdc10000 - 0x00007ff6fdc20000 	C:\Program Files\Java\jdk-24\bin\java.exe
0x00007ff9741a0000 - 0x00007ff974409000 	C:\WINDOWS\SYSTEM32\ntdll.dll
0x00007ff972310000 - 0x00007ff9723d9000 	C:\WINDOWS\System32\KERNEL32.DLL
0x00007ff971330000 - 0x00007ff971723000 	C:\WINDOWS\System32\KERNELBASE.dll
0x00007ff971890000 - 0x00007ff9719db000 	C:\WINDOWS\System32\ucrtbase.dll
0x00007ff96a090000 - 0x00007ff96a0ab000 	C:\Program Files\Java\jdk-24\bin\VCRUNTIME140.dll
0x00007ff96b1a0000 - 0x00007ff96b1b6000 	C:\Program Files\Java\jdk-24\bin\jli.dll
0x00007ff972500000 - 0x00007ff9726c4000 	C:\WINDOWS\System32\USER32.dll
0x00007ff971bf0000 - 0x00007ff971c17000 	C:\WINDOWS\System32\win32u.dll
0x00007ff972140000 - 0x00007ff97216b000 	C:\WINDOWS\System32\GDI32.dll
0x00007ff971c20000 - 0x00007ff971d4d000 	C:\WINDOWS\System32\gdi32full.dll
0x00007ff971d50000 - 0x00007ff971df3000 	C:\WINDOWS\System32\msvcp_win.dll
0x00007ff952280000 - 0x00007ff952513000 	C:\WINDOWS\WinSxS\amd64_microsoft.windows.common-controls_6595b64144ccf1df_6.0.26100.5074_none_3e0d6f78e32fd63f\COMCTL32.dll
0x00007ff973aa0000 - 0x00007ff973b49000 	C:\WINDOWS\System32\msvcrt.dll
0x00007ff973770000 - 0x00007ff97379f000 	C:\WINDOWS\System32\IMM32.DLL
0x00007ff96a020000 - 0x00007ff96a02c000 	C:\Program Files\Java\jdk-24\bin\vcruntime140_1.dll
0x00007ff92bba0000 - 0x00007ff92bc2e000 	C:\Program Files\Java\jdk-24\bin\msvcp140.dll
0x00007ff8c5cc0000 - 0x00007ff8c6a62000 	C:\Program Files\Java\jdk-24\bin\server\jvm.dll
0x00007ff972070000 - 0x00007ff972124000 	C:\WINDOWS\System32\ADVAPI32.dll
0x00007ff972970000 - 0x00007ff972a16000 	C:\WINDOWS\System32\sechost.dll
0x00007ff972170000 - 0x00007ff972288000 	C:\WINDOWS\System32\RPCRT4.dll
0x00007ff971f70000 - 0x00007ff971fe4000 	C:\WINDOWS\System32\WS2_32.dll
0x00007ff96ff60000 - 0x00007ff96ffbe000 	C:\WINDOWS\SYSTEM32\POWRPROF.dll
0x00007ff952850000 - 0x00007ff95285b000 	C:\WINDOWS\SYSTEM32\VERSION.dll
0x00007ff9527f0000 - 0x00007ff952825000 	C:\WINDOWS\SYSTEM32\WINMM.dll
0x00007ff96ff40000 - 0x00007ff96ff54000 	C:\WINDOWS\SYSTEM32\UMPDC.dll
0x00007ff970220000 - 0x00007ff97023b000 	C:\WINDOWS\SYSTEM32\kernel.appcore.dll
0x00007ff96a010000 - 0x00007ff96a01a000 	C:\Program Files\Java\jdk-24\bin\jimage.dll
0x00007ff96e9b0000 - 0x00007ff96ebf2000 	C:\WINDOWS\SYSTEM32\DBGHELP.DLL
0x00007ff9733f0000 - 0x00007ff97376b000 	C:\WINDOWS\System32\combase.dll
0x00007ff972410000 - 0x00007ff9724e7000 	C:\WINDOWS\System32\OLEAUT32.dll
0x00007ff94e2d0000 - 0x00007ff94e30d000 	C:\WINDOWS\SYSTEM32\dbgcore.DLL
0x00007ff9717f0000 - 0x00007ff971889000 	C:\WINDOWS\System32\bcryptPrimitives.dll
0x00007ff969670000 - 0x00007ff96967f000 	C:\Program Files\Java\jdk-24\bin\instrument.dll
0x00007ff969ff0000 - 0x00007ff96a00e000 	C:\Program Files\Java\jdk-24\bin\java.dll
0x00007ff9726d0000 - 0x00007ff972868000 	C:\WINDOWS\System32\ole32.dll
0x00007ff972ca0000 - 0x00007ff9733ed000 	C:\WINDOWS\System32\SHELL32.dll
0x00007ff971e00000 - 0x00007ff971f6c000 	C:\WINDOWS\System32\wintypes.dll

JVMTI agents:
C:\Program Files\JetBrains\IntelliJ IDEA 2025.1.1.1\lib\idea_rt.jar path:none, loaded, not initialized, instrumentlib options:59383

dbghelp: loaded successfully - version: 4.0.5 - missing functions: none
symbol engine: initialized successfully - sym options: 0x614 - pdb path: .;C:\Program Files\Java\jdk-24\bin;C:\WINDOWS\SYSTEM32;C:\WINDOWS\WinSxS\amd64_microsoft.windows.common-controls_6595b64144ccf1df_6.0.26100.5074_none_3e0d6f78e32fd63f;C:\Program Files\Java\jdk-24\bin\server

VM Arguments:
jvm_args: -XX:TieredStopAtLevel=1 -Dspring.output.ansi.enabled=always -Dcom.sun.management.jmxremote -Dspring.jmx.enabled=true -Dspring.liveBeansView.mbeanDomain -Dspring.application.admin.enabled=true -Dmanagement.endpoints.jmx.exposure.include=* -javaagent:C:\Program Files\JetBrains\IntelliJ IDEA 2025.1.1.1\lib\idea_rt.jar=59383 -Dfile.encoding=UTF-8 -Dsun.stdout.encoding=UTF-8 -Dsun.stderr.encoding=UTF-8 
java_command: team.project.NewTeamProjectApplication
java_class_path (initial): C:\Users\hajon\OneDrive\¹®¼­\GitHub\newTeamProject\target\classes;C:\Users\hajon\.m2\repository\nz\net\ultraq\thymeleaf\thymeleaf-layout-dialect\3.4.0\thymeleaf-layout-dialect-3.4.0.jar;C:\Users\hajon\.m2\repository\org\apache\groovy\groovy\4.0.28\groovy-4.0.28.jar;C:\Users\hajon\.m2\repository\nz\net\ultraq\groovy\groovy-extensions\2.3.3\groovy-extensions-2.3.3.jar;C:\Users\hajon\.m2\repository\nz\net\ultraq\thymeleaf\thymeleaf-expression-processor\3.2.0\thymeleaf-expression-processor-3.2.0.jar;C:\Users\hajon\.m2\repository\org\thymeleaf\thymeleaf\3.1.3.RELEASE\thymeleaf-3.1.3.RELEASE.jar;C:\Users\hajon\.m2\repository\ognl\ognl\3.3.4\ognl-3.3.4.jar;C:\Users\hajon\.m2\repository\org\javassist\javassist\3.29.0-GA\javassist-3.29.0-GA.jar;C:\Users\hajon\.m2\repository\org\attoparser\attoparser\2.0.7.RELEASE\attoparser-2.0.7.RELEASE.jar;C:\Users\hajon\.m2\repository\org\unbescape\unbescape\1.1.6.RELEASE\unbescape-1.1.6.RELEASE.jar;C:\Users\hajon\.m2\repository\org\slf4j\slf4j-api\2.0.17\slf4j-api-2.0.17.jar;C:\Users\hajon\.m2\repository\org\springframework\boot\spring-boot-starter-thymeleaf\3.5.4\spring-boot-starter-thymeleaf-3.5.4.jar;C:\Users\hajon\.m2\repository\org\springframework\boot\spring-boot-starter\3.5.4\spring-boot-starter-3.5.4.jar;C:\Users\hajon\.m2\repository\org\springframework\boot\spring-boot-starter-logging\3.5.4\spring-boot-starter-logging-3.5.4.jar;C:\Users\hajon\.m2\repository\ch\qos\logback\logback-classic\1.5.18\logback-classic-1.5.18.jar;C:\Users\hajon\.m2\repository\ch\qos\logback\logback-core\1.5.18\logback-core-1.5.18.jar;C:\Users\hajon\.m2\repository\org\apache\logging\log4j\log4j-to-slf4j\2.24.3\log4j-to-slf4j-2.24.3.jar;C:\Users\hajon\.m2\repository\org\apache\logging\log4j\log4j-api\2.24.3\log4j-api-2.24.3.jar;C:\Users\hajon\.m2\repository\org\slf4j\jul-to-slf4j\2.0.17\jul-to-slf4j-2.0.17.jar;C:\Users\hajon\.m2\repository\jakarta\annotation\jakarta.annotation-api\2.1.1\jakarta.annotation-api-2.1.1.jar;C:\Users\hajon\.m2\repository\org\yaml\snakeyaml\2.4\snakeyaml-2.4.jar;C:\Users\hajon\.m2\repository\org\thymeleaf\thymeleaf-spring6\3.1.3.RELEASE\thymeleaf-spring6-3.1.3.RELEASE.jar;C:\Users\hajon\.m2\repository\org\springframework\boot\spring-boot-starter-web\3.5.4\spring-boot-starter-web-3.5.4.jar;C:\Users\hajon\.m2\repository\org\springframework\boot\spring-boot-starter-json\3.5.4\spring-boot-starter-json-3.5.4.jar;C:\Users\hajon\.m2\repository\com\fasterxml\jackson\core\jackson-databind\2.19.2\jackson-databind-2.19.2.jar;C:\Users\hajon\.m2\repository\com\fasterxml\jackson\core\jackson-annotations\2.19.2\jackson-annotations-2.19.2.jar;C:\Users\hajon\.m2\repository\com\fasterxml\jackson\core\jackson-core\2.19.2\jackson-core-2.19.2.jar;C:\Users\hajon\.m2\repository\com\fasterxml\jackson\datatype\jackson-datatype-jdk8\2.19.2\jackson-datatype-jdk8-2.19.2.jar;C:\Users\hajon\.m2\repository\com\fasterxml\jackson\datatype\jackson-datatype-jsr310\2.19.2\jackson-datatype-jsr310-2.19.2.jar;C:\Users\hajon\.m2\repository\com\fasterxml\jackson\module\jackson-module-parameter-names\2.19.2\jackson-module-parameter-names-2.19.2.jar;C:\Users\hajon\.m2\repository\org\springframework\boot\spring-boot-starter-tomcat\3.5.4\spring-boot-starter-tomcat-3.5.4.jar;C:\Users\hajon\.m2\repository\org\apache\tomcat\embed\tomcat-embed-core\10.1.43\tomcat-embed-core-10.1.43.jar;C:\Users\hajon\.m2\repository\org\apache\tomcat\embed\tomcat-embed-el\10.1.43\tomcat-embed-el-10.1.43.jar;C:\Users\hajon\.m2\repository\org\apache\tomcat\embed\tomcat-embed-websocket\10.1.43\tomcat-embed-websocket-10.1.43.jar;C:\Users\hajon\.m2\repository\org\springframework\spring-web\6.2.9\spring-web-6.2.9.jar;C:\Users\hajon\.m2\repository\org\springframework\spring-beans\6.2.9\spring-beans-6.2.9.jar;C:\Users\hajon\.m2\repository\io\micrometer\micrometer-observation\1.15.2\micrometer-observation-1.15.2.jar;C:\Users\hajon\.m2\repository\io\micrometer\micrometer-commons\1.15.2\micrometer-commons-1.15.2.jar;C:\Users\hajon\.m2\repository\org\springframework\spring-webmvc\6.2.9\spring-webmvc-6.2.9.jar;C:\Users\hajon\.m2\repository\org\springframework\spring-context\6.2.9\spring-context-6.2.9.jar;C:\Users\hajon\.m2\repository\org\springframework\spring-expression\6.2.9\spring-expression-6.2.9.jar;C:\Users\hajon\.m2\repository\org\mybatis\spring\boot\mybatis-spring-boot-starter\3.0.5\mybatis-spring-boot-starter-3.0.5.jar;C:\Users\hajon\.m2\repository\org\springframework\boot\spring-boot-starter-jdbc\3.5.4\spring-boot-starter-jdbc-3.5.4.jar;C:\Users\hajon\.m2\repository\com\zaxxer\HikariCP\6.3.1\HikariCP-6.3.1.jar;C:\Users\hajon\.m2\repository\org\springframework\spring-jdbc\6.2.9\spring-jdbc-6.2.9.jar;C:\Users\hajon\.m2\repository\org\mybatis\spring\boot\mybatis-spring-boot-autoconfigure\3.0.5\mybatis-spring-boot-autoconfigure-3.0.5.jar;C:\Users\hajon\.m2\repository\org\mybatis\mybatis\3.5.19\mybatis-3.5.19.jar;C:\Users\hajon\.m2\repository\org\mybatis\mybatis-spring\3.0.5\mybatis-spring-3.0.5.jar;C:\Users\hajon\.m2\repository\org\springframework\boot\spring-boot-devtools\3.5.4\spring-boot-devtools-3.5.4.jar;C:\Users\hajon\.m2\repository\org\springframework\boot\spring-boot\3.5.4\spring-boot-3.5.4.jar;C:\Users\hajon\.m2\repository\org\springframework\boot\spring-boot-autoconfigure\3.5.4\spring-boot-autoconfigure-3.5.4.jar;C:\Users\hajon\.m2\repository\com\mysql\mysql-connector-j\9.3.0\mysql-connector-j-9.3.0.jar;C:\Users\hajon\.m2\repository\org\projectlombok\lombok\1.18.38\lombok-1.18.38.jar;C:\Users\hajon\.m2\repository\net\minidev\json-smart\2.5.2\json-smart-2.5.2.jar;C:\Users\hajon\.m2\repository\net\minidev\accessors-smart\2.5.2\accessors-smart-2.5.2.jar;C:\Users\hajon\.m2\repository\org\ow2\asm\asm\9.7.1\asm-9.7.1.jar;C:\Users\hajon\.m2\repository\org\springframework\spring-core\6.2.9\spring-core-6.2.9.jar;C:\Users\hajon\.m2\repository\org\springframework\spring-jcl\6.2.9\spring-jcl-6.2.9.jar;C:\Users\hajon\.m2\repository\org\springframework\spring-tx\6.2.9\spring-tx-6.2.9.jar;C:\Users\hajon\.m2\repository\org\springframework\boot\spring-boot-starter-security\3.5.4\spring-boot-starter-security-3.5.4.jar;C:\Users\hajon\.m2\repository\org\springframework\spring-aop\6.2.9\spring-aop-6.2.9.jar;C:\Users\hajon\.m2\repository\org\springframework\security\spring-security-config\6.5.2\spring-security-config-6.5.2.jar;C:\Users\hajon\.m2\repository\org\springframework\security\spring-security-web\6.5.2\spring-security-web-6.5.2.jar;C:\Users\hajon\.m2\repository\org\springframework\security\spring-security-core\6.5.2\spring-security-core-6.5.2.jar;C:\Users\hajon\.m2\repository\org\springframework\security\spring-security-crypto\6.5.2\spring-security-crypto-6.5.2.jar;C:\Users\hajon\.m2\repository\org\thymeleaf\extras\thymeleaf-extras-springsecurity6\3.1.3.RELEASE\thymeleaf-extras-springsecurity6-3.1.3.RELEASE.jar;C:\Users\hajon\.m2\repository\org\springframework\boot\spring-boot-starter-oauth2-client\3.5.4\spring-boot-starter-oauth2-client-3.5.4.jar;C:\Users\hajon\.m2\repository\org\springframework\security\spring-security-oauth2-client\6.5.2\spring-security-oauth2-client-6.5.2.jar;C:\Users\hajon\.m2\repository\org\springframework\security\spring-security-oauth2-core\6.5.2\spring-security-oauth2-core-6.5.2.jar;C:\Users\hajon\.m2\repository\com\nimbusds\oauth2-oidc-sdk\9.43.6\oauth2-oidc-sdk-9.43.6.jar;C:\Users\hajon\.m2\repository\com\github\stephenc\jcip\jcip-annotations\1.0-1\jcip-annotations-1.0-1.jar;C:\Users\hajon\.m2\repository\com\nimbusds\content-type\2.2\content-type-2.2.jar;C:\Users\hajon\.m2\repository\com\nimbusds\lang-tag\1.7\lang-tag-1.7.jar;C:\Users\hajon\.m2\repository\org\springframework\security\spring-security-oauth2-jose\6.5.2\spring-security-oauth2-jose-6.5.2.jar;C:\Users\hajon\.m2\repository\com\nimbusds\nimbus-jose-jwt\9.37.3\nimbus-jose-jwt-9.37.3.jar
Launcher Type: SUN_STANDARD

[Global flags]
     intx CICompilerCount                          = 12                                        {product} {ergonomic}
     uint ConcGCThreads                            = 4                                         {product} {ergonomic}
     uint G1ConcRefinementThreads                  = 14                                        {product} {ergonomic}
   size_t G1HeapRegionSize                         = 2097152                                   {product} {ergonomic}
   size_t InitialHeapSize                          = 262144000                                 {product} {ergonomic}
     bool ManagementServer                         = true                                      {product} {command line}
   size_t MarkStackSize                            = 4194304                                   {product} {ergonomic}
   size_t MarkStackSizeMax                         = 536870912                                 {product} {ergonomic}
   size_t MaxHeapSize                              = 4185915392                                {product} {ergonomic}
   size_t MinHeapDeltaBytes                        = 2097152                                   {product} {ergonomic}
   size_t MinHeapSize                              = 8388608                                   {product} {ergonomic}
    uintx NonNMethodCodeHeapSize                   = 4096                                   {pd product} {ergonomic}
    uintx NonProfiledCodeHeapSize                  = 0                                      {pd product} {ergonomic}
     bool ProfileInterpreter                       = false                                  {pd product} {command line}
    uintx ProfiledCodeHeapSize                     = 0                                      {pd product} {ergonomic}
   size_t SoftMaxHeapSize                          = 4185915392                             {manageable} {ergonomic}
     intx TieredStopAtLevel                        = 1                                         {product} {command line}
     bool UseCompressedOops                        = true                           {product lp64_product} {ergonomic}
     bool UseG1GC                                  = true                                      {product} {ergonomic}
     bool UseLargePagesIndividualAllocation        = false                                  {pd product} {ergonomic}

Logging:
Log output configuration:
 #0: stdout all=warning uptime,level,tags foldmultilines=false
 #1: stderr all=off uptime,level,tags foldmultilines=false

Environment Variables:
JAVA_HOME=C:\Program Files\Java\jdk-21
CLASSPATH=C:\Program Files\Java\jdk-21\lib
PATH=C:\Program Files\Java\jdk-21\bin;C:\Program Files\Microsoft SDKs\Azure\CLI2\wbin;C:\Python310\Scripts\;C:\Python310\;C:\WINDOWS\system32;C:\WINDOWS;C:\WINDOWS\System32\Wbem;C:\WINDOWS\System32\WindowsPowerShell\v1.0\;C:\WINDOWS\System32\OpenSSH\;C:\Program Files\nodejs\;C:\ProgramData\chocolatey\bin;C:\Program Files\dotnet\;C:\Program Files\Microsoft VS Code\bin;C:\MinGW\bin;C:\MinGW\msys\1.0\bin;C:\MinGW\bin;C:\WinFlexBison;C:\Program Files\Git\cmd;C:\Program Files\Docker\Docker\resources\bin;C:\Program Files (x86)\NetSarang\Xshell 8\;C:\Program Files (x86)\NetSarang\Xftp 8\;C:\Users\hajon\AppData\Local\Microsoft\WindowsApps;C:\Program Files\JetBrains\IntelliJ IDEA 2025.1.1.1\bin;C:\Users\hajon\AppData\Local\Programs\Microsoft VS Code\bin;C:\Users\hajon\AppData\Roaming\npm;C:\Users\hajon\.dotnet\tools;C:\Users\hajon\AppData\Local\JetBrains\Toolbox\scripts;C:\Users\hajon\AppData\Local\GitHubDesktop\bin
USERNAME=hajon
OS=Windows_NT
PROCESSOR_IDENTIFIER=Intel64 Family 6 Model 170 Stepping 4, GenuineIntel
TMP=C:\Users\hajon\AppData\Local\Temp
TEMP=C:\Users\hajon\AppData\Local\Temp




Periodic native trim disabled

---------------  S Y S T E M  ---------------

OS:
 Windows 11 , 64 bit Build 26100 (10.0.26100.5074)
OS uptime: 13 days 19:38 hours
Hyper-V role detected

CPU: total 18 (initial active 18) (9 cores per cpu, 2 threads per core) family 6 model 170 stepping 4 microcode 0x1c, cx8, cmov, fxsr, ht, mmx, 3dnowpref, sse, sse2, sse3, ssse3, sse4.1, sse4.2, popcnt, lzcnt, tsc, tscinvbit, avx, avx2, aes, erms, clmul, bmi1, bmi2, adx, sha, fma, vzeroupper, clflush, clflushopt, clwb, hv, serialize, rdtscp, rdpid, fsrm, gfni, f16c, cet_ibt, cet_ss
Processor Information for processor 0
  Max Mhz: 1200, Current Mhz: 1200, Mhz Limit: 1200
Processor Information for processor 1
  Max Mhz: 1200, Current Mhz: 1200, Mhz Limit: 1200
Processor Information for processor 2
  Max Mhz: 3600, Current Mhz: 700, Mhz Limit: 684
Processor Information for processor 3
  Max Mhz: 3600, Current Mhz: 700, Mhz Limit: 684
Processor Information for processor 4
  Max Mhz: 3600, Current Mhz: 700, Mhz Limit: 684
Processor Information for processor 5
  Max Mhz: 3600, Current Mhz: 700, Mhz Limit: 684
Processor Information for processor 6
  Max Mhz: 3600, Current Mhz: 700, Mhz Limit: 684
Processor Information for processor 7
  Max Mhz: 3600, Current Mhz: 700, Mhz Limit: 684
Processor Information for processor 8
  Max Mhz: 3600, Current Mhz: 700, Mhz Limit: 684
Processor Information for processor 9
  Max Mhz: 3600, Current Mhz: 700, Mhz Limit: 684
Processor Information for processor 10
  Max Mhz: 1200, Current Mhz: 1200, Mhz Limit: 1200
Processor Information for processor 11
  Max Mhz: 1200, Current Mhz: 1200, Mhz Limit: 1200
Processor Information for processor 12
  Max Mhz: 1200, Current Mhz: 1200, Mhz Limit: 1200
Processor Information for processor 13
  Max Mhz: 1200, Current Mhz: 1200, Mhz Limit: 1200
Processor Information for processor 14
  Max Mhz: 1200, Current Mhz: 1200, Mhz Limit: 1200
Processor Information for processor 15
  Max Mhz: 1200, Current Mhz: 1200, Mhz Limit: 1200
Processor Information for processor 16
  Max Mhz: 2500, Current Mhz: 700, Mhz Limit: 700
Processor Information for processor 17
  Max Mhz: 2500, Current Mhz: 700, Mhz Limit: 700

Memory: 4k page, system-wide physical 15964M (781M free)
TotalPageFile size 65116M (AvailPageFile size 1M)
current process WorkingSet (physical memory assigned to process): 14M, peak: 14M
current process commit charge ("private bytes"): 68M, peak: 318M

vm_info: Java HotSpot(TM) 64-Bit Server VM (24.0.1+9-30) for windows-amd64 JRE (24.0.1+9-30), built on 2025-03-05T07:23:45Z with MS VC++ 17.6 (VS2022)

END.
